09:34:41.592 [main]  INFO  com.intuit.karate - Karate version: 1.3.1
09:34:41.696 [main]  INFO  c.intuit.karate.core.FeatureRuntime - found scenario at line: 8
09:34:42.519 [main]  INFO  com.intuit.karate.Suite - <<pass>> feature 1 of 1 (0 remaining) src/test/resources/my.feature
09:34:47.386 [main]  INFO  com.intuit.karate - Karate version: 1.3.1
09:34:47.479 [main]  INFO  com.intuit.karate.Suite - backed up existing 'target/karate-reports' dir to: target/karate-reports_1680158087479
09:34:47.487 [main]  INFO  c.intuit.karate.core.FeatureRuntime - found scenario at line: 3
09:34:47.855 [main]  INFO  com.intuit.karate - [print] step 1 
09:34:47.858 [main]  INFO  com.intuit.karate - [print] step 2 
09:34:47.858 [main]  INFO  com.intuit.karate - [print] step 3 
09:34:48.242 [main]  INFO  com.intuit.karate.Suite - <<pass>> feature 1 of 1 (0 remaining) src/test/resources/my.feature
09:34:52.106 [main]  INFO  com.intuit.karate - Karate version: 1.3.1
09:34:52.199 [main]  INFO  com.intuit.karate.Suite - backed up existing 'target/karate-reports' dir to: target/karate-reports_1680158092199
09:34:52.207 [main]  INFO  c.intuit.karate.core.FeatureRuntime - found scenario at line: 13
09:34:52.657 [main]  ERROR com.intuit.karate - org.apache.http.ProtocolException: Target host is not specified, http call failed after 123 milliseconds for url: /https:/mysite.example.api.com/users/login
09:34:52.657 [main]  ERROR com.intuit.karate - src/test/resources/my.feature:15
When method post
http call failed after 123 milliseconds for url: /https:/mysite.example.api.com/users/login
src/test/resources/my.feature:15
09:34:53.011 [main]  INFO  com.intuit.karate.Suite - <<fail>> feature 1 of 1 (0 remaining) src/test/resources/my.feature
20:18:18.625 [main]  INFO  com.intuit.karate - Karate version: 1.3.1
20:18:18.718 [main]  INFO  com.intuit.karate.Suite - backed up existing 'target/karate-reports' dir to: target/karate-reports_1680196698717
20:18:18.727 [main]  INFO  c.intuit.karate.core.FeatureRuntime - found scenario at line: 3
20:18:19.192 [main]  INFO  com.intuit.karate - [print] step 1 
20:18:19.195 [main]  INFO  com.intuit.karate - [print] step 2 
20:18:19.196 [main]  INFO  com.intuit.karate - [print] step 3 
20:18:19.548 [main]  INFO  com.intuit.karate.Suite - <<pass>> feature 1 of 1 (0 remaining) src/test/resources/my.feature
20:19:37.788 [main]  INFO  com.intuit.karate - Karate version: 1.3.1
20:19:37.878 [main]  INFO  com.intuit.karate.Suite - backed up existing 'target/karate-reports' dir to: target/karate-reports_1680196777878
20:19:37.886 [main]  INFO  c.intuit.karate.core.FeatureRuntime - found scenario at line: 8
20:19:38.667 [main]  INFO  com.intuit.karate.Suite - <<pass>> feature 1 of 1 (0 remaining) src/test/resources/my.feature
20:20:55.476 [main]  INFO  com.intuit.karate - Karate version: 1.3.1
20:20:55.568 [main]  INFO  com.intuit.karate.Suite - backed up existing 'target/karate-reports' dir to: target/karate-reports_1680196855568
20:20:55.577 [main]  INFO  c.intuit.karate.core.FeatureRuntime - found scenario at line: 13
20:20:56.075 [main]  ERROR com.intuit.karate - org.apache.http.ProtocolException: Target host is not specified, http call failed after 96 milliseconds for url: /https:/mysite.example.api.com/users/login
20:20:56.075 [main]  ERROR com.intuit.karate - src/test/resources/my.feature:15
When method post
http call failed after 96 milliseconds for url: /https:/mysite.example.api.com/users/login
src/test/resources/my.feature:15
20:20:56.435 [main]  INFO  com.intuit.karate.Suite - <<fail>> feature 1 of 1 (0 remaining) src/test/resources/my.feature
20:38:54.428 [main]  INFO  com.intuit.karate - Karate version: 1.3.1
20:38:54.525 [main]  INFO  com.intuit.karate.Suite - backed up existing 'target/karate-reports' dir to: target/karate-reports_1680197934525
20:38:54.534 [main]  INFO  c.intuit.karate.core.FeatureRuntime - found scenario at line: 5
20:38:55.174 [main]  DEBUG com.intuit.karate - request:
1 > POST https://petstore.swagger.io/v2/store/order
1 > Host: petstore.swagger.io
1 > Connection: Keep-Alive
1 > User-Agent: Apache-HttpClient/4.5.13 (Java/17.0.4)
1 > Accept-Encoding: gzip,deflate


20:38:55.939 [main]  DEBUG com.intuit.karate - response time in milliseconds: 763
1 < 415
1 < Date: Thu, 30 Mar 2023 17:38:55 GMT
1 < Content-Type: application/json
1 < Transfer-Encoding: chunked
1 < Connection: keep-alive
1 < Access-Control-Allow-Origin: *
1 < Access-Control-Allow-Methods: GET, POST, DELETE, PUT
1 < Access-Control-Allow-Headers: Content-Type, api_key, Authorization
1 < Server: Jetty(9.2.9.v20150224)
{"code":415,"type":"unknown","message":"com.sun.jersey.api.MessageException: A message body reader for Java class io.swagger.sample.model.Order, and Java type class io.swagger.sample.model.Order, and MIME media type application/octet-stream was not found.\nThe registered message body readers compatible with the MIME media type are:\n*/* ->\n  com.sun.jersey.core.impl.provider.entity.FormProvider\n  com.sun.jersey.core.impl.provider.entity.StringProvider\n  com.sun.jersey.core.impl.provider.entity.ByteArrayProvider\n  com.sun.jersey.core.impl.provider.entity.FileProvider\n  com.sun.jersey.core.impl.provider.entity.InputStreamProvider\n  com.sun.jersey.core.impl.provider.entity.DataSourceProvider\n  com.sun.jersey.core.impl.provider.entity.XMLJAXBElementProvider$General\n  com.sun.jersey.core.impl.provider.entity.ReaderProvider\n  com.sun.jersey.core.impl.provider.entity.DocumentProvider\n  com.sun.jersey.core.impl.provider.entity.SourceProvider$StreamSourceReader\n  com.sun.jersey.core.impl.provider.entity.SourceProvider$SAXSourceReader\n  com.sun.jersey.core.impl.provider.entity.SourceProvider$DOMSourceReader\n  com.sun.jersey.json.impl.provider.entity.JSONJAXBElementProvider$General\n  com.sun.jersey.json.impl.provider.entity.JSONArrayProvider$General\n  com.sun.jersey.json.impl.provider.entity.JSONObjectProvider$General\n  com.fasterxml.jackson.jaxrs.json.JacksonJsonProvider\n  com.sun.jersey.core.impl.provider.entity.XMLRootElementProvider$General\n  com.sun.jersey.core.impl.provider.entity.XMLListElementProvider$General\n  com.sun.jersey.core.impl.provider.entity.XMLRootObjectProvider$General\n  com.sun.jersey.core.impl.provider.entity.EntityHolderReader\n  com.sun.jersey.json.impl.provider.entity.JSONRootElementProvider$General\n  com.sun.jersey.json.impl.provider.entity.JSONListElementProvider$General\n  com.sun.jersey.json.impl.provider.entity.JacksonProviderProxy\napplication/octet-stream ->\n  com.sun.jersey.core.impl.provider.entity.ByteArrayProvider\n  com.sun.jersey.core.impl.provider.entity.FileProvider\n  com.sun.jersey.core.impl.provider.entity.InputStreamProvider\n  com.sun.jersey.core.impl.provider.entity.DataSourceProvider\n  com.sun.jersey.core.impl.provider.entity.RenderedImageProvider\n"}

20:38:55.984 [main]  ERROR com.intuit.karate - src/test/resources/order_deleting.feature:8
Then match response == { id: 0, petId: 0, quantity: 0, shipDate: '2023-03-30T15:51:43.741Z',status: 'placed', complete: true}
match failed: EQUALS
  $ | not equal | actual does not contain key - 'id' (MAP:MAP)
  {"code":415,"type":"unknown","message":"com.sun.jersey.api.MessageException: A message body reader for Java class io.swagger.sample.model.Order, and Java type class io.swagger.sample.model.Order, and MIME media type application/octet-stream was not found.\nThe registered message body readers compatible with the MIME media type are:\n*/* ->\n  com.sun.jersey.core.impl.provider.entity.FormProvider\n  com.sun.jersey.core.impl.provider.entity.StringProvider\n  com.sun.jersey.core.impl.provider.entity.ByteArrayProvider\n  com.sun.jersey.core.impl.provider.entity.FileProvider\n  com.sun.jersey.core.impl.provider.entity.InputStreamProvider\n  com.sun.jersey.core.impl.provider.entity.DataSourceProvider\n  com.sun.jersey.core.impl.provider.entity.XMLJAXBElementProvider$General\n  com.sun.jersey.core.impl.provider.entity.ReaderProvider\n  com.sun.jersey.core.impl.provider.entity.DocumentProvider\n  com.sun.jersey.core.impl.provider.entity.SourceProvider$StreamSourceReader\n  com.sun.jersey.core.impl.provider.entity.SourceProvider$SAXSourceReader\n  com.sun.jersey.core.impl.provider.entity.SourceProvider$DOMSourceReader\n  com.sun.jersey.json.impl.provider.entity.JSONJAXBElementProvider$General\n  com.sun.jersey.json.impl.provider.entity.JSONArrayProvider$General\n  com.sun.jersey.json.impl.provider.entity.JSONObjectProvider$General\n  com.fasterxml.jackson.jaxrs.json.JacksonJsonProvider\n  com.sun.jersey.core.impl.provider.entity.XMLRootElementProvider$General\n  com.sun.jersey.core.impl.provider.entity.XMLListElementProvider$General\n  com.sun.jersey.core.impl.provider.entity.XMLRootObjectProvider$General\n  com.sun.jersey.core.impl.provider.entity.EntityHolderReader\n  com.sun.jersey.json.impl.provider.entity.JSONRootElementProvider$General\n  com.sun.jersey.json.impl.provider.entity.JSONListElementProvider$General\n  com.sun.jersey.json.impl.provider.entity.JacksonProviderProxy\napplication/octet-stream ->\n  com.sun.jersey.core.impl.provider.entity.ByteArrayProvider\n  com.sun.jersey.core.impl.provider.entity.FileProvider\n  com.sun.jersey.core.impl.provider.entity.InputStreamProvider\n  com.sun.jersey.core.impl.provider.entity.DataSourceProvider\n  com.sun.jersey.core.impl.provider.entity.RenderedImageProvider\n"}
  {"id":0,"petId":0,"quantity":0,"shipDate":"2023-03-30T15:51:43.741Z","status":"placed","complete":true}


src/test/resources/order_deleting.feature:8
20:38:56.362 [main]  INFO  com.intuit.karate.Suite - <<fail>> feature 1 of 1 (0 remaining) src/test/resources/order_deleting.feature
20:39:26.886 [main]  INFO  com.intuit.karate - Karate version: 1.3.1
20:39:26.986 [main]  INFO  com.intuit.karate.Suite - backed up existing 'target/karate-reports' dir to: target/karate-reports_1680197966986
20:39:26.996 [main]  INFO  c.intuit.karate.core.FeatureRuntime - found scenario at line: 5
20:39:27.511 [main]  DEBUG com.intuit.karate - request:
1 > POST https://petstore.swagger.io/v2/store/order
1 > Host: petstore.swagger.io
1 > Connection: Keep-Alive
1 > User-Agent: Apache-HttpClient/4.5.13 (Java/17.0.4)
1 > Accept-Encoding: gzip,deflate


20:39:28.260 [main]  DEBUG com.intuit.karate - response time in milliseconds: 747
1 < 415
1 < Date: Thu, 30 Mar 2023 17:39:28 GMT
1 < Content-Type: application/json
1 < Transfer-Encoding: chunked
1 < Connection: keep-alive
1 < Access-Control-Allow-Origin: *
1 < Access-Control-Allow-Methods: GET, POST, DELETE, PUT
1 < Access-Control-Allow-Headers: Content-Type, api_key, Authorization
1 < Server: Jetty(9.2.9.v20150224)
{"code":415,"type":"unknown","message":"com.sun.jersey.api.MessageException: A message body reader for Java class io.swagger.sample.model.Order, and Java type class io.swagger.sample.model.Order, and MIME media type application/octet-stream was not found.\nThe registered message body readers compatible with the MIME media type are:\n*/* ->\n  com.sun.jersey.core.impl.provider.entity.FormProvider\n  com.sun.jersey.core.impl.provider.entity.StringProvider\n  com.sun.jersey.core.impl.provider.entity.ByteArrayProvider\n  com.sun.jersey.core.impl.provider.entity.FileProvider\n  com.sun.jersey.core.impl.provider.entity.InputStreamProvider\n  com.sun.jersey.core.impl.provider.entity.DataSourceProvider\n  com.sun.jersey.core.impl.provider.entity.XMLJAXBElementProvider$General\n  com.sun.jersey.core.impl.provider.entity.ReaderProvider\n  com.sun.jersey.core.impl.provider.entity.DocumentProvider\n  com.sun.jersey.core.impl.provider.entity.SourceProvider$StreamSourceReader\n  com.sun.jersey.core.impl.provider.entity.SourceProvider$SAXSourceReader\n  com.sun.jersey.core.impl.provider.entity.SourceProvider$DOMSourceReader\n  com.sun.jersey.json.impl.provider.entity.JSONJAXBElementProvider$General\n  com.sun.jersey.json.impl.provider.entity.JSONArrayProvider$General\n  com.sun.jersey.json.impl.provider.entity.JSONObjectProvider$General\n  com.fasterxml.jackson.jaxrs.json.JacksonJsonProvider\n  com.sun.jersey.core.impl.provider.entity.XMLRootElementProvider$General\n  com.sun.jersey.core.impl.provider.entity.XMLListElementProvider$General\n  com.sun.jersey.core.impl.provider.entity.XMLRootObjectProvider$General\n  com.sun.jersey.core.impl.provider.entity.EntityHolderReader\n  com.sun.jersey.json.impl.provider.entity.JSONRootElementProvider$General\n  com.sun.jersey.json.impl.provider.entity.JSONListElementProvider$General\n  com.sun.jersey.json.impl.provider.entity.JacksonProviderProxy\napplication/octet-stream ->\n  com.sun.jersey.core.impl.provider.entity.ByteArrayProvider\n  com.sun.jersey.core.impl.provider.entity.FileProvider\n  com.sun.jersey.core.impl.provider.entity.InputStreamProvider\n  com.sun.jersey.core.impl.provider.entity.DataSourceProvider\n  com.sun.jersey.core.impl.provider.entity.RenderedImageProvider\n"}

20:39:28.304 [main]  ERROR com.intuit.karate - src/test/resources/order_deleting.feature:8
Then match response == { id: 0, petId: 0, quantity: 0, shipDate: '2023-03-30T15:51:43.741Z',status: 'placed', complete: true}
match failed: EQUALS
  $ | not equal | actual does not contain key - 'id' (MAP:MAP)
  {"code":415,"type":"unknown","message":"com.sun.jersey.api.MessageException: A message body reader for Java class io.swagger.sample.model.Order, and Java type class io.swagger.sample.model.Order, and MIME media type application/octet-stream was not found.\nThe registered message body readers compatible with the MIME media type are:\n*/* ->\n  com.sun.jersey.core.impl.provider.entity.FormProvider\n  com.sun.jersey.core.impl.provider.entity.StringProvider\n  com.sun.jersey.core.impl.provider.entity.ByteArrayProvider\n  com.sun.jersey.core.impl.provider.entity.FileProvider\n  com.sun.jersey.core.impl.provider.entity.InputStreamProvider\n  com.sun.jersey.core.impl.provider.entity.DataSourceProvider\n  com.sun.jersey.core.impl.provider.entity.XMLJAXBElementProvider$General\n  com.sun.jersey.core.impl.provider.entity.ReaderProvider\n  com.sun.jersey.core.impl.provider.entity.DocumentProvider\n  com.sun.jersey.core.impl.provider.entity.SourceProvider$StreamSourceReader\n  com.sun.jersey.core.impl.provider.entity.SourceProvider$SAXSourceReader\n  com.sun.jersey.core.impl.provider.entity.SourceProvider$DOMSourceReader\n  com.sun.jersey.json.impl.provider.entity.JSONJAXBElementProvider$General\n  com.sun.jersey.json.impl.provider.entity.JSONArrayProvider$General\n  com.sun.jersey.json.impl.provider.entity.JSONObjectProvider$General\n  com.fasterxml.jackson.jaxrs.json.JacksonJsonProvider\n  com.sun.jersey.core.impl.provider.entity.XMLRootElementProvider$General\n  com.sun.jersey.core.impl.provider.entity.XMLListElementProvider$General\n  com.sun.jersey.core.impl.provider.entity.XMLRootObjectProvider$General\n  com.sun.jersey.core.impl.provider.entity.EntityHolderReader\n  com.sun.jersey.json.impl.provider.entity.JSONRootElementProvider$General\n  com.sun.jersey.json.impl.provider.entity.JSONListElementProvider$General\n  com.sun.jersey.json.impl.provider.entity.JacksonProviderProxy\napplication/octet-stream ->\n  com.sun.jersey.core.impl.provider.entity.ByteArrayProvider\n  com.sun.jersey.core.impl.provider.entity.FileProvider\n  com.sun.jersey.core.impl.provider.entity.InputStreamProvider\n  com.sun.jersey.core.impl.provider.entity.DataSourceProvider\n  com.sun.jersey.core.impl.provider.entity.RenderedImageProvider\n"}
  {"id":0,"petId":0,"quantity":0,"shipDate":"2023-03-30T15:51:43.741Z","status":"placed","complete":true}


src/test/resources/order_deleting.feature:8
20:39:28.653 [main]  INFO  com.intuit.karate.Suite - <<fail>> feature 1 of 1 (0 remaining) src/test/resources/order_deleting.feature
20:43:39.038 [main]  INFO  com.intuit.karate - Karate version: 1.3.1
20:43:39.136 [main]  INFO  com.intuit.karate.Suite - backed up existing 'target/karate-reports' dir to: target/karate-reports_1680198219135
20:43:39.145 [main]  INFO  c.intuit.karate.core.FeatureRuntime - found scenario at line: 5
20:43:39.719 [main]  DEBUG com.intuit.karate - request:
1 > POST https://petstore.swagger.io/v2/store/order
1 > Content-type: application/json; charset=UTF-8
1 > Content-Length: 103
1 > Host: petstore.swagger.io
1 > Connection: Keep-Alive
1 > User-Agent: Apache-HttpClient/4.5.13 (Java/17.0.4)
1 > Accept-Encoding: gzip,deflate
{"id":0,"petId":0,"quantity":0,"shipDate":"2023-03-30T15:51:43.741Z","status":"placed","complete":true}

20:43:40.460 [main]  DEBUG com.intuit.karate - response time in milliseconds: 739
1 < 200
1 < Date: Thu, 30 Mar 2023 17:43:40 GMT
1 < Content-Type: application/json
1 < Transfer-Encoding: chunked
1 < Connection: keep-alive
1 < Access-Control-Allow-Origin: *
1 < Access-Control-Allow-Methods: GET, POST, DELETE, PUT
1 < Access-Control-Allow-Headers: Content-Type, api_key, Authorization
1 < Server: Jetty(9.2.9.v20150224)
{"id":9223372036854774104,"petId":0,"quantity":0,"shipDate":"2023-03-30T15:51:43.741+0000","status":"placed","complete":true}

20:43:40.498 [main]  ERROR com.intuit.karate - src/test/resources/order_deleting.feature:10
Then match response == { id: 0, petId: 0, quantity: 0, shipDate: '2023-03-30T15:51:43.741Z',status: 'placed', complete: true}
match failed: EQUALS
  $ | not equal | match failed for name: 'id' (MAP:MAP)
  {"id":9223372036854774104,"petId":0,"quantity":0,"shipDate":"2023-03-30T15:51:43.741+0000","status":"placed","complete":true}
  {"id":0,"petId":0,"quantity":0,"shipDate":"2023-03-30T15:51:43.741Z","status":"placed","complete":true}

    $.id | not equal (NUMBER:NUMBER)
    9223372036854774104
    0

src/test/resources/order_deleting.feature:10
20:43:40.865 [main]  INFO  com.intuit.karate.Suite - <<fail>> feature 1 of 1 (0 remaining) src/test/resources/order_deleting.feature
20:45:03.240 [main]  INFO  com.intuit.karate - Karate version: 1.3.1
20:45:03.335 [main]  INFO  com.intuit.karate.Suite - backed up existing 'target/karate-reports' dir to: target/karate-reports_1680198303335
20:45:03.345 [main]  INFO  c.intuit.karate.core.FeatureRuntime - found scenario at line: 5
20:45:03.907 [main]  DEBUG com.intuit.karate - request:
1 > POST https://petstore.swagger.io/v2/store/order
1 > Content-type: application/json; charset=UTF-8
1 > Content-Length: 103
1 > Host: petstore.swagger.io
1 > Connection: Keep-Alive
1 > User-Agent: Apache-HttpClient/4.5.13 (Java/17.0.4)
1 > Accept-Encoding: gzip,deflate
{"id":0,"petId":0,"quantity":0,"shipDate":"2023-03-30T15:51:43.741Z","status":"placed","complete":true}

20:45:04.650 [main]  DEBUG com.intuit.karate - response time in milliseconds: 741
1 < 200
1 < Date: Thu, 30 Mar 2023 17:45:04 GMT
1 < Content-Type: application/json
1 < Transfer-Encoding: chunked
1 < Connection: keep-alive
1 < Access-Control-Allow-Origin: *
1 < Access-Control-Allow-Methods: GET, POST, DELETE, PUT
1 < Access-Control-Allow-Headers: Content-Type, api_key, Authorization
1 < Server: Jetty(9.2.9.v20150224)
{"id":9223372036854774105,"petId":0,"quantity":0,"shipDate":"2023-03-30T15:51:43.741+0000","status":"placed","complete":true}

20:45:04.671 [main]  ERROR com.intuit.karate - src/test/resources/order_deleting.feature:10
Then match status == 200
js failed:
>>>>
01: status
<<<<
org.graalvm.polyglot.PolyglotException: ReferenceError: "status" is not defined
- <js>.:program(Unnamed:1)

src/test/resources/order_deleting.feature:10
20:45:05.034 [main]  INFO  com.intuit.karate.Suite - <<fail>> feature 1 of 1 (0 remaining) src/test/resources/order_deleting.feature
20:45:37.109 [main]  INFO  com.intuit.karate - Karate version: 1.3.1
20:45:37.225 [main]  INFO  com.intuit.karate.Suite - backed up existing 'target/karate-reports' dir to: target/karate-reports_1680198337224
20:45:37.235 [main]  INFO  c.intuit.karate.core.FeatureRuntime - found scenario at line: 5
20:45:37.796 [main]  DEBUG com.intuit.karate - request:
1 > POST https://petstore.swagger.io/v2/store/order
1 > Content-type: application/json; charset=UTF-8
1 > Content-Length: 103
1 > Host: petstore.swagger.io
1 > Connection: Keep-Alive
1 > User-Agent: Apache-HttpClient/4.5.13 (Java/17.0.4)
1 > Accept-Encoding: gzip,deflate
{"id":0,"petId":0,"quantity":0,"shipDate":"2023-03-30T15:51:43.741Z","status":"placed","complete":true}

20:45:38.547 [main]  DEBUG com.intuit.karate - response time in milliseconds: 749
1 < 200
1 < Date: Thu, 30 Mar 2023 17:45:38 GMT
1 < Content-Type: application/json
1 < Transfer-Encoding: chunked
1 < Connection: keep-alive
1 < Access-Control-Allow-Origin: *
1 < Access-Control-Allow-Methods: GET, POST, DELETE, PUT
1 < Access-Control-Allow-Headers: Content-Type, api_key, Authorization
1 < Server: Jetty(9.2.9.v20150224)
{"id":9223372036854774106,"petId":0,"quantity":0,"shipDate":"2023-03-30T15:51:43.741+0000","status":"placed","complete":true}

20:45:38.567 [main]  DEBUG com.intuit.karate - request:
2 > DELETE https://petstore.swagger.io/v2/store/order/%7BorderId%7D
2 > Host: petstore.swagger.io
2 > Connection: Keep-Alive
2 > User-Agent: Apache-HttpClient/4.5.13 (Java/17.0.4)
2 > Accept-Encoding: gzip,deflate


20:45:39.144 [main]  DEBUG com.intuit.karate - response time in milliseconds: 576
2 < 404
2 < Date: Thu, 30 Mar 2023 17:45:39 GMT
2 < Content-Type: application/json
2 < Transfer-Encoding: chunked
2 < Connection: keep-alive
2 < Access-Control-Allow-Origin: *
2 < Access-Control-Allow-Methods: GET, POST, DELETE, PUT
2 < Access-Control-Allow-Headers: Content-Type, api_key, Authorization
2 < Server: Jetty(9.2.9.v20150224)
{"code":404,"type":"unknown","message":"java.lang.NumberFormatException: For input string: \"{orderId}\""}

20:45:39.150 [main]  ERROR com.intuit.karate - src/test/resources/order_deleting.feature:14
Then match response == { "code": 200, "type": "unknown", "message": "2"}
match failed: EQUALS
  $ | not equal | match failed for name: 'code' (MAP:MAP)
  {"code":404,"type":"unknown","message":"java.lang.NumberFormatException: For input string: \"{orderId}\""}
  {"code":200,"type":"unknown","message":"2"}

    $.code | not equal (NUMBER:NUMBER)
    404
    200

src/test/resources/order_deleting.feature:14
20:45:39.528 [main]  INFO  com.intuit.karate.Suite - <<fail>> feature 1 of 1 (0 remaining) src/test/resources/order_deleting.feature
13:13:31.020 [main]  INFO  com.intuit.karate - Karate version: 1.3.1
13:13:31.118 [main]  INFO  com.intuit.karate.Suite - backed up existing 'target/karate-reports' dir to: target/karate-reports_1680257611117
13:13:31.128 [main]  INFO  c.intuit.karate.core.FeatureRuntime - found scenario at line: 5
13:13:31.687 [main]  DEBUG com.intuit.karate - request:
1 > POST https://petstore.swagger.io/v2/store/order
1 > Content-type: application/json; charset=UTF-8
1 > Content-Length: 103
1 > Host: petstore.swagger.io
1 > Connection: Keep-Alive
1 > User-Agent: Apache-HttpClient/4.5.13 (Java/17.0.4)
1 > Accept-Encoding: gzip,deflate
{"id":0,"petId":0,"quantity":0,"shipDate":"2023-03-30T15:51:43.741Z","status":"placed","complete":true}

13:13:32.503 [main]  DEBUG com.intuit.karate - response time in milliseconds: 815
1 < 200
1 < Date: Fri, 31 Mar 2023 10:13:32 GMT
1 < Content-Type: application/json
1 < Transfer-Encoding: chunked
1 < Connection: keep-alive
1 < Access-Control-Allow-Origin: *
1 < Access-Control-Allow-Methods: GET, POST, DELETE, PUT
1 < Access-Control-Allow-Headers: Content-Type, api_key, Authorization
1 < Server: Jetty(9.2.9.v20150224)
{"id":246497834693,"petId":0,"quantity":0,"shipDate":"2023-03-30T15:51:43.741+0000","status":"placed","complete":true}

13:13:32.553 [main]  DEBUG com.intuit.karate - request:
2 > DELETE https://petstore.swagger.io/v2/store/order/null
2 > Host: petstore.swagger.io
2 > Connection: Keep-Alive
2 > User-Agent: Apache-HttpClient/4.5.13 (Java/17.0.4)
2 > Accept-Encoding: gzip,deflate


13:13:33.094 [main]  DEBUG com.intuit.karate - response time in milliseconds: 540
2 < 404
2 < Date: Fri, 31 Mar 2023 10:13:33 GMT
2 < Content-Type: application/json
2 < Transfer-Encoding: chunked
2 < Connection: keep-alive
2 < Access-Control-Allow-Origin: *
2 < Access-Control-Allow-Methods: GET, POST, DELETE, PUT
2 < Access-Control-Allow-Headers: Content-Type, api_key, Authorization
2 < Server: Jetty(9.2.9.v20150224)
{"code":404,"type":"unknown","message":"java.lang.NumberFormatException: For input string: \"null\""}

13:13:33.099 [main]  ERROR com.intuit.karate - src/test/resources/order_deleting.feature:16
Then match response == { "code": 200, "type": "unknown", "message": "2"}
match failed: EQUALS
  $ | not equal | match failed for name: 'code' (MAP:MAP)
  {"code":404,"type":"unknown","message":"java.lang.NumberFormatException: For input string: \"null\""}
  {"code":200,"type":"unknown","message":"2"}

    $.code | not equal (NUMBER:NUMBER)
    404
    200

src/test/resources/order_deleting.feature:16
13:13:33.410 [main]  INFO  com.intuit.karate.Suite - <<fail>> feature 1 of 1 (0 remaining) src/test/resources/order_deleting.feature
13:17:13.417 [main]  INFO  com.intuit.karate - Karate version: 1.3.1
13:17:13.507 [main]  INFO  com.intuit.karate.Suite - backed up existing 'target/karate-reports' dir to: target/karate-reports_1680257833506
13:17:13.515 [main]  INFO  c.intuit.karate.core.FeatureRuntime - found scenario at line: 5
13:17:14.042 [main]  DEBUG com.intuit.karate - request:
1 > POST https://petstore.swagger.io/v2/store/order
1 > Content-type: application/json; charset=UTF-8
1 > Content-Length: 103
1 > Host: petstore.swagger.io
1 > Connection: Keep-Alive
1 > User-Agent: Apache-HttpClient/4.5.13 (Java/17.0.4)
1 > Accept-Encoding: gzip,deflate
{"id":0,"petId":0,"quantity":0,"shipDate":"2023-03-30T15:51:43.741Z","status":"placed","complete":true}

13:17:14.768 [main]  DEBUG com.intuit.karate - response time in milliseconds: 724
1 < 200
1 < Date: Fri, 31 Mar 2023 10:17:14 GMT
1 < Content-Type: application/json
1 < Transfer-Encoding: chunked
1 < Connection: keep-alive
1 < Access-Control-Allow-Origin: *
1 < Access-Control-Allow-Methods: GET, POST, DELETE, PUT
1 < Access-Control-Allow-Headers: Content-Type, api_key, Authorization
1 < Server: Jetty(9.2.9.v20150224)
{"id":246497834696,"petId":0,"quantity":0,"shipDate":"2023-03-30T15:51:43.741+0000","status":"placed","complete":true}

13:17:14.805 [main]  DEBUG com.intuit.karate - request:
2 > DELETE https://petstore.swagger.io/v2/store/order/%3Cid%3E
2 > Host: petstore.swagger.io
2 > Connection: Keep-Alive
2 > User-Agent: Apache-HttpClient/4.5.13 (Java/17.0.4)
2 > Accept-Encoding: gzip,deflate


13:17:15.197 [main]  DEBUG com.intuit.karate - response time in milliseconds: 392
2 < 404
2 < Date: Fri, 31 Mar 2023 10:17:15 GMT
2 < Content-Type: application/json
2 < Transfer-Encoding: chunked
2 < Connection: keep-alive
2 < Access-Control-Allow-Origin: *
2 < Access-Control-Allow-Methods: GET, POST, DELETE, PUT
2 < Access-Control-Allow-Headers: Content-Type, api_key, Authorization
2 < Server: Jetty(9.2.9.v20150224)
{"code":404,"type":"unknown","message":"java.lang.NumberFormatException: For input string: \"<id>\""}

13:17:15.200 [main]  ERROR com.intuit.karate - src/test/resources/order_deleting.feature:16
Then match response == { "code": 200, "type": "unknown", "message": "2"}
match failed: EQUALS
  $ | not equal | match failed for name: 'code' (MAP:MAP)
  {"code":404,"type":"unknown","message":"java.lang.NumberFormatException: For input string: \"<id>\""}
  {"code":200,"type":"unknown","message":"2"}

    $.code | not equal (NUMBER:NUMBER)
    404
    200

src/test/resources/order_deleting.feature:16
13:17:15.536 [main]  INFO  com.intuit.karate.Suite - <<fail>> feature 1 of 1 (0 remaining) src/test/resources/order_deleting.feature
13:18:13.789 [main]  INFO  com.intuit.karate - Karate version: 1.3.1
13:18:13.873 [main]  INFO  com.intuit.karate.Suite - backed up existing 'target/karate-reports' dir to: target/karate-reports_1680257893873
13:18:13.881 [main]  INFO  c.intuit.karate.core.FeatureRuntime - found scenario at line: 5
13:18:14.394 [main]  DEBUG com.intuit.karate - request:
1 > POST https://petstore.swagger.io/v2/store/order
1 > Content-type: application/json; charset=UTF-8
1 > Content-Length: 103
1 > Host: petstore.swagger.io
1 > Connection: Keep-Alive
1 > User-Agent: Apache-HttpClient/4.5.13 (Java/17.0.4)
1 > Accept-Encoding: gzip,deflate
{"id":0,"petId":0,"quantity":0,"shipDate":"2023-03-30T15:51:43.741Z","status":"placed","complete":true}

13:18:16.779 [main]  DEBUG com.intuit.karate - response time in milliseconds: 2382
1 < 200
1 < Date: Fri, 31 Mar 2023 10:18:16 GMT
1 < Content-Type: application/json
1 < Transfer-Encoding: chunked
1 < Connection: keep-alive
1 < Access-Control-Allow-Origin: *
1 < Access-Control-Allow-Methods: GET, POST, DELETE, PUT
1 < Access-Control-Allow-Headers: Content-Type, api_key, Authorization
1 < Server: Jetty(9.2.9.v20150224)
{"id":246497834697,"petId":0,"quantity":0,"shipDate":"2023-03-30T15:51:43.741+0000","status":"placed","complete":true}

13:18:16.830 [main]  DEBUG com.intuit.karate - request:
2 > DELETE https://petstore.swagger.io/v2/store/order/null
2 > Host: petstore.swagger.io
2 > Connection: Keep-Alive
2 > User-Agent: Apache-HttpClient/4.5.13 (Java/17.0.4)
2 > Accept-Encoding: gzip,deflate


13:18:17.603 [main]  DEBUG com.intuit.karate - response time in milliseconds: 773
2 < 404
2 < Date: Fri, 31 Mar 2023 10:18:17 GMT
2 < Content-Type: application/json
2 < Transfer-Encoding: chunked
2 < Connection: keep-alive
2 < Access-Control-Allow-Origin: *
2 < Access-Control-Allow-Methods: GET, POST, DELETE, PUT
2 < Access-Control-Allow-Headers: Content-Type, api_key, Authorization
2 < Server: Jetty(9.2.9.v20150224)
{"code":404,"type":"unknown","message":"java.lang.NumberFormatException: For input string: \"null\""}

13:18:17.610 [main]  ERROR com.intuit.karate - src/test/resources/order_deleting.feature:16
Then match response == { "code": 200, "type": "unknown", "message": "2"}
match failed: EQUALS
  $ | not equal | match failed for name: 'code' (MAP:MAP)
  {"code":404,"type":"unknown","message":"java.lang.NumberFormatException: For input string: \"null\""}
  {"code":200,"type":"unknown","message":"2"}

    $.code | not equal (NUMBER:NUMBER)
    404
    200

src/test/resources/order_deleting.feature:16
13:18:17.947 [main]  INFO  com.intuit.karate.Suite - <<fail>> feature 1 of 1 (0 remaining) src/test/resources/order_deleting.feature
13:18:37.115 [main]  INFO  com.intuit.karate - Karate version: 1.3.1
13:18:37.203 [main]  INFO  com.intuit.karate.Suite - backed up existing 'target/karate-reports' dir to: target/karate-reports_1680257917203
13:18:37.211 [main]  INFO  c.intuit.karate.core.FeatureRuntime - found scenario at line: 5
13:18:37.781 [main]  DEBUG com.intuit.karate - request:
1 > POST https://petstore.swagger.io/v2/store/order
1 > Content-type: application/json; charset=UTF-8
1 > Content-Length: 103
1 > Host: petstore.swagger.io
1 > Connection: Keep-Alive
1 > User-Agent: Apache-HttpClient/4.5.13 (Java/17.0.4)
1 > Accept-Encoding: gzip,deflate
{"id":0,"petId":0,"quantity":0,"shipDate":"2023-03-30T15:51:43.741Z","status":"placed","complete":true}

13:18:38.559 [main]  DEBUG com.intuit.karate - response time in milliseconds: 776
1 < 200
1 < Date: Fri, 31 Mar 2023 10:18:38 GMT
1 < Content-Type: application/json
1 < Transfer-Encoding: chunked
1 < Connection: keep-alive
1 < Access-Control-Allow-Origin: *
1 < Access-Control-Allow-Methods: GET, POST, DELETE, PUT
1 < Access-Control-Allow-Headers: Content-Type, api_key, Authorization
1 < Server: Jetty(9.2.9.v20150224)
{"id":246497834698,"petId":0,"quantity":0,"shipDate":"2023-03-30T15:51:43.741+0000","status":"placed","complete":true}

13:18:38.603 [main]  DEBUG com.intuit.karate - request:
2 > DELETE https://petstore.swagger.io/v2/store/order/246497834698
2 > Host: petstore.swagger.io
2 > Connection: Keep-Alive
2 > User-Agent: Apache-HttpClient/4.5.13 (Java/17.0.4)
2 > Accept-Encoding: gzip,deflate


13:18:39.402 [main]  DEBUG com.intuit.karate - response time in milliseconds: 799
2 < 200
2 < Date: Fri, 31 Mar 2023 10:18:39 GMT
2 < Content-Type: application/json
2 < Transfer-Encoding: chunked
2 < Connection: keep-alive
2 < Access-Control-Allow-Origin: *
2 < Access-Control-Allow-Methods: GET, POST, DELETE, PUT
2 < Access-Control-Allow-Headers: Content-Type, api_key, Authorization
2 < Server: Jetty(9.2.9.v20150224)
{"code":200,"type":"unknown","message":"246497834698"}

13:18:39.411 [main]  ERROR com.intuit.karate - src/test/resources/order_deleting.feature:16
Then match response == { "code": 200, "type": "unknown", "message": "2"}
match failed: EQUALS
  $ | not equal | match failed for name: 'message' (MAP:MAP)
  {"code":200,"type":"unknown","message":"246497834698"}
  {"code":200,"type":"unknown","message":"2"}

    $.message | not equal (STRING:STRING)
    '246497834698'
    '2'

src/test/resources/order_deleting.feature:16
13:18:39.752 [main]  INFO  com.intuit.karate.Suite - <<fail>> feature 1 of 1 (0 remaining) src/test/resources/order_deleting.feature
13:19:02.855 [main]  INFO  com.intuit.karate - Karate version: 1.3.1
13:19:02.942 [main]  INFO  com.intuit.karate.Suite - backed up existing 'target/karate-reports' dir to: target/karate-reports_1680257942942
13:19:02.952 [main]  INFO  c.intuit.karate.core.FeatureRuntime - found scenario at line: 5
13:19:03.462 [main]  DEBUG com.intuit.karate - request:
1 > POST https://petstore.swagger.io/v2/store/order
1 > Content-type: application/json; charset=UTF-8
1 > Content-Length: 103
1 > Host: petstore.swagger.io
1 > Connection: Keep-Alive
1 > User-Agent: Apache-HttpClient/4.5.13 (Java/17.0.4)
1 > Accept-Encoding: gzip,deflate
{"id":0,"petId":0,"quantity":0,"shipDate":"2023-03-30T15:51:43.741Z","status":"placed","complete":true}

13:19:04.069 [main]  DEBUG com.intuit.karate - response time in milliseconds: 605
1 < 200
1 < Date: Fri, 31 Mar 2023 10:19:04 GMT
1 < Content-Type: application/json
1 < Transfer-Encoding: chunked
1 < Connection: keep-alive
1 < Access-Control-Allow-Origin: *
1 < Access-Control-Allow-Methods: GET, POST, DELETE, PUT
1 < Access-Control-Allow-Headers: Content-Type, api_key, Authorization
1 < Server: Jetty(9.2.9.v20150224)
{"id":246497834698,"petId":0,"quantity":0,"shipDate":"2023-03-30T15:51:43.741+0000","status":"placed","complete":true}

13:19:04.113 [main]  DEBUG com.intuit.karate - request:
2 > DELETE https://petstore.swagger.io/v2/store/order/246497834698
2 > Host: petstore.swagger.io
2 > Connection: Keep-Alive
2 > User-Agent: Apache-HttpClient/4.5.13 (Java/17.0.4)
2 > Accept-Encoding: gzip,deflate


13:19:04.494 [main]  DEBUG com.intuit.karate - response time in milliseconds: 381
2 < 200
2 < Date: Fri, 31 Mar 2023 10:19:04 GMT
2 < Content-Type: application/json
2 < Transfer-Encoding: chunked
2 < Connection: keep-alive
2 < Access-Control-Allow-Origin: *
2 < Access-Control-Allow-Methods: GET, POST, DELETE, PUT
2 < Access-Control-Allow-Headers: Content-Type, api_key, Authorization
2 < Server: Jetty(9.2.9.v20150224)
{"code":200,"type":"unknown","message":"246497834698"}

13:19:04.498 [main]  ERROR com.intuit.karate - src/test/resources/order_deleting.feature:16
Then match response == { "code": 200, "type": "unknown", "message": "2"}
match failed: EQUALS
  $ | not equal | match failed for name: 'message' (MAP:MAP)
  {"code":200,"type":"unknown","message":"246497834698"}
  {"code":200,"type":"unknown","message":"2"}

    $.message | not equal (STRING:STRING)
    '246497834698'
    '2'

src/test/resources/order_deleting.feature:16
13:19:04.835 [main]  INFO  com.intuit.karate.Suite - <<fail>> feature 1 of 1 (0 remaining) src/test/resources/order_deleting.feature
13:19:23.511 [main]  INFO  com.intuit.karate - Karate version: 1.3.1
13:19:23.602 [main]  INFO  com.intuit.karate.Suite - backed up existing 'target/karate-reports' dir to: target/karate-reports_1680257963602
13:19:23.611 [main]  INFO  c.intuit.karate.core.FeatureRuntime - found scenario at line: 5
13:19:24.141 [main]  DEBUG com.intuit.karate - request:
1 > POST https://petstore.swagger.io/v2/store/order
1 > Content-type: application/json; charset=UTF-8
1 > Content-Length: 103
1 > Host: petstore.swagger.io
1 > Connection: Keep-Alive
1 > User-Agent: Apache-HttpClient/4.5.13 (Java/17.0.4)
1 > Accept-Encoding: gzip,deflate
{"id":0,"petId":0,"quantity":0,"shipDate":"2023-03-30T15:51:43.741Z","status":"placed","complete":true}

13:19:28.328 [main]  DEBUG com.intuit.karate - response time in milliseconds: 4186
1 < 200
1 < Date: Fri, 31 Mar 2023 10:19:28 GMT
1 < Content-Type: application/json
1 < Transfer-Encoding: chunked
1 < Connection: keep-alive
1 < Access-Control-Allow-Origin: *
1 < Access-Control-Allow-Methods: GET, POST, DELETE, PUT
1 < Access-Control-Allow-Headers: Content-Type, api_key, Authorization
1 < Server: Jetty(9.2.9.v20150224)
{"id":246497834698,"petId":0,"quantity":0,"shipDate":"2023-03-30T15:51:43.741+0000","status":"placed","complete":true}

13:19:28.359 [main]  DEBUG com.intuit.karate - request:
2 > DELETE https://petstore.swagger.io/v2/store/order/246497834698
2 > Host: petstore.swagger.io
2 > Connection: Keep-Alive
2 > User-Agent: Apache-HttpClient/4.5.13 (Java/17.0.4)
2 > Accept-Encoding: gzip,deflate


13:19:30.419 [main]  DEBUG com.intuit.karate - response time in milliseconds: 2060
2 < 200
2 < Date: Fri, 31 Mar 2023 10:19:30 GMT
2 < Content-Type: application/json
2 < Transfer-Encoding: chunked
2 < Connection: keep-alive
2 < Access-Control-Allow-Origin: *
2 < Access-Control-Allow-Methods: GET, POST, DELETE, PUT
2 < Access-Control-Allow-Headers: Content-Type, api_key, Authorization
2 < Server: Jetty(9.2.9.v20150224)
{"code":200,"type":"unknown","message":"246497834698"}

13:19:30.430 [main]  DEBUG com.intuit.karate - request:
3 > GET https://petstore.swagger.io/v2/store/order/246497834698
3 > Host: petstore.swagger.io
3 > Connection: Keep-Alive
3 > User-Agent: Apache-HttpClient/4.5.13 (Java/17.0.4)
3 > Accept-Encoding: gzip,deflate


13:19:32.653 [main]  DEBUG com.intuit.karate - response time in milliseconds: 2222
3 < 404
3 < Date: Fri, 31 Mar 2023 10:19:32 GMT
3 < Content-Type: application/json
3 < Transfer-Encoding: chunked
3 < Connection: keep-alive
3 < Access-Control-Allow-Origin: *
3 < Access-Control-Allow-Methods: GET, POST, DELETE, PUT
3 < Access-Control-Allow-Headers: Content-Type, api_key, Authorization
3 < Server: Jetty(9.2.9.v20150224)
{"code":1,"type":"error","message":"Order not found"}

13:19:32.661 [main]  ERROR com.intuit.karate - src/test/resources/order_deleting.feature:20
Then match response == { id: 0, petId: 0, quantity: 0, shipDate: '2023-03-30T15:51:43.741Z',status: 'placed', complete: true}
match failed: EQUALS
  $ | not equal | actual does not contain key - 'id' (MAP:MAP)
  {"code":1,"type":"error","message":"Order not found"}
  {"id":0,"petId":0,"quantity":0,"shipDate":"2023-03-30T15:51:43.741Z","status":"placed","complete":true}


src/test/resources/order_deleting.feature:20
13:19:32.981 [main]  INFO  com.intuit.karate.Suite - <<fail>> feature 1 of 1 (0 remaining) src/test/resources/order_deleting.feature
13:19:49.006 [main]  INFO  com.intuit.karate - Karate version: 1.3.1
13:19:49.091 [main]  INFO  com.intuit.karate.Suite - backed up existing 'target/karate-reports' dir to: target/karate-reports_1680257989091
13:19:49.100 [main]  INFO  c.intuit.karate.core.FeatureRuntime - found scenario at line: 5
13:19:49.602 [main]  DEBUG com.intuit.karate - request:
1 > POST https://petstore.swagger.io/v2/store/order
1 > Content-type: application/json; charset=UTF-8
1 > Content-Length: 103
1 > Host: petstore.swagger.io
1 > Connection: Keep-Alive
1 > User-Agent: Apache-HttpClient/4.5.13 (Java/17.0.4)
1 > Accept-Encoding: gzip,deflate
{"id":0,"petId":0,"quantity":0,"shipDate":"2023-03-30T15:51:43.741Z","status":"placed","complete":true}

13:19:50.574 [main]  DEBUG com.intuit.karate - response time in milliseconds: 970
1 < 200
1 < Date: Fri, 31 Mar 2023 10:19:50 GMT
1 < Content-Type: application/json
1 < Transfer-Encoding: chunked
1 < Connection: keep-alive
1 < Access-Control-Allow-Origin: *
1 < Access-Control-Allow-Methods: GET, POST, DELETE, PUT
1 < Access-Control-Allow-Headers: Content-Type, api_key, Authorization
1 < Server: Jetty(9.2.9.v20150224)
{"id":246497834698,"petId":0,"quantity":0,"shipDate":"2023-03-30T15:51:43.741+0000","status":"placed","complete":true}

13:19:50.618 [main]  DEBUG com.intuit.karate - request:
2 > DELETE https://petstore.swagger.io/v2/store/order/246497834698
2 > Host: petstore.swagger.io
2 > Connection: Keep-Alive
2 > User-Agent: Apache-HttpClient/4.5.13 (Java/17.0.4)
2 > Accept-Encoding: gzip,deflate


13:19:51.259 [main]  DEBUG com.intuit.karate - response time in milliseconds: 640
2 < 200
2 < Date: Fri, 31 Mar 2023 10:19:51 GMT
2 < Content-Type: application/json
2 < Transfer-Encoding: chunked
2 < Connection: keep-alive
2 < Access-Control-Allow-Origin: *
2 < Access-Control-Allow-Methods: GET, POST, DELETE, PUT
2 < Access-Control-Allow-Headers: Content-Type, api_key, Authorization
2 < Server: Jetty(9.2.9.v20150224)
{"code":200,"type":"unknown","message":"246497834698"}

13:19:51.266 [main]  DEBUG com.intuit.karate - request:
3 > GET https://petstore.swagger.io/v2/store/order/246497834698
3 > Host: petstore.swagger.io
3 > Connection: Keep-Alive
3 > User-Agent: Apache-HttpClient/4.5.13 (Java/17.0.4)
3 > Accept-Encoding: gzip,deflate


13:19:52.131 [main]  DEBUG com.intuit.karate - response time in milliseconds: 864
3 < 404
3 < Date: Fri, 31 Mar 2023 10:19:52 GMT
3 < Content-Type: application/json
3 < Transfer-Encoding: chunked
3 < Connection: keep-alive
3 < Access-Control-Allow-Origin: *
3 < Access-Control-Allow-Methods: GET, POST, DELETE, PUT
3 < Access-Control-Allow-Headers: Content-Type, api_key, Authorization
3 < Server: Jetty(9.2.9.v20150224)
{"code":1,"type":"error","message":"Order not found"}

13:19:52.480 [main]  INFO  com.intuit.karate.Suite - <<pass>> feature 1 of 1 (0 remaining) src/test/resources/order_deleting.feature
